Build started 2017/11/21 16:42:14.
     1>Project "E:\CommonLib\jsoncpp\lib_json.vcxproj" on node 2 (rebuild target(s)).
     1>InitializeBuildStatus:
         Creating "Debug\lib_json.unsuccessfulbuild" because "AlwaysCreate" was specified.
       ClCompile:
         C:\Program Files (x86)\Microsoft Visual Studio 10.0\VC\bin\CL.exe /c /I./include /ZI /nologo /W3 /WX- /Od /Oy- /D WIN32 /D _DEBUG /D _LIB /D _UNICODE /D UNICODE /Gm /EHsc /RTC1 /MDd /GS /fp:precise /Zc:wchar_t /Zc:forScope /Fo"Debug\\" /Fd"Debug\vc100.pdb" /Gd /TP /analyze- /errorReport:prompt src\lib_json\json_reader.cpp src\lib_json\json_value.cpp src\lib_json\json_writer.cpp
         json_writer.cpp
         json_value.cpp
         json_reader.cpp
         Generating Code...
       Lib:
         C:\Program Files (x86)\Microsoft Visual Studio 10.0\VC\bin\Lib.exe /OUT:"E:\CommonLib\jsoncpp\Debug\lib_json.lib" /NOLOGO Debug\json_reader.obj
         Debug\json_value.obj
         Debug\json_writer.obj
         lib_json.vcxproj -> E:\CommonLib\jsoncpp\Debug\lib_json.lib
       PostBuildEvent:
         Copy /B /y E:\CommonLib\jsoncpp\Debug\lib_json.lib .\lib\Debug\lib_json.lib
         :VCEnd
         已复制         1 个文件。
       FinalizeBuildStatus:
         Deleting file "Debug\lib_json.unsuccessfulbuild".
         Touching "Debug\lib_json.lastbuildstate".
     1>Done Building Project "E:\CommonLib\jsoncpp\lib_json.vcxproj" (rebuild target(s)).

Build succeeded.

Time Elapsed 00:00:01.43
