Build started 2017/9/11 8:51:55.
     1>Project "E:\CommonLib\AmLog\AmLog\AmLog.vcxproj" on node 2 (rebuild target(s)).
     1>InitializeBuildStatus:
         Creating "Debug\AmLog.unsuccessfulbuild" because "AlwaysCreate" was specified.
       ClCompile:
         C:\Program Files (x86)\Microsoft Visual Studio 10.0\VC\bin\CL.exe /c /Iinclude /I..\..\POCO\include /ZI /nologo /W3 /WX- /Od /Oy- /D WIN32 /D _DEBUG /D _WINDOWS /D _USRDLL /D _DLL /D POCO_STATIC /D AMLOG_EXPORTS /D _WINDLL /D _MBCS /Gm /EHsc /RTC1 /MDd /GS /fp:precise /Zc:wchar_t /Zc:forScope /Fo"Debug\\" /Fd"Debug\vc100.pdb" /Gd /TP /analyze- /errorReport:prompt AmLog.cpp
         AmLog.cpp
       ManifestResourceCompile:
         C:\Program Files (x86)\Microsoft SDKs\Windows\v7.0A\bin\rc.exe /nologo /fo"Debug\DALogD.dll.embed.manifest.res" Debug\DALogD_manifest.rc 
       Link:
         C:\Program Files (x86)\Microsoft Visual Studio 10.0\VC\bin\link.exe /ERRORREPORT:PROMPT /OUT:"E:\CommonLib\AmLog\Debug\DALogD.dll" /INCREMENTAL /NOLOGO /LIBPATH:..\..\POCO\lib kernel32.lib user32.lib gdi32.lib winspool.lib comdlg32.lib advapi32.lib shell32.lib ole32.lib oleaut32.lib uuid.lib odbc32.lib odbccp32.lib /MANIFEST /ManifestFile:"Debug\DALogD.dll.intermediate.manifest" /MANIFESTUAC:"level='asInvoker' uiAccess='false'" /DEBUG /PDB:"E:\CommonLib\AmLog\Debug\DALogD.pdb" /SUBSYSTEM:WINDOWS /TLBID:1 /DYNAMICBASE /NXCOMPAT /IMPLIB:"E:\CommonLib\AmLog\Debug\DALogD.lib" /MACHINE:X86 /DLL Debug\DALogD.dll.embed.manifest.res
         Debug\AmLog.obj
            Creating library E:\CommonLib\AmLog\Debug\DALogD.lib and object E:\CommonLib\AmLog\Debug\DALogD.exp
     1>PocoFoundationmdd.lib(Ascii.obj) : warning LNK4099: PDB 'pocofoundationmdd.pdb' was not found with 'PocoFoundationmdd.lib(Ascii.obj)' or at 'E:\CommonLib\AmLog\Debug\pocofoundationmdd.pdb'; linking object as if no debug info
     1>PocoFoundationmdd.lib(AtomicCounter.obj) : warning LNK4099: PDB 'pocofoundationmdd.pdb' was not found with 'PocoFoundationmdd.lib(AtomicCounter.obj)' or at 'E:\CommonLib\AmLog\Debug\pocofoundationmdd.pdb'; linking object as if no debug info
     1>PocoFoundationmdd.lib(Bugcheck.obj) : warning LNK4099: PDB 'pocofoundationmdd.pdb' was not found with 'PocoFoundationmdd.lib(Bugcheck.obj)' or at 'E:\CommonLib\AmLog\Debug\pocofoundationmdd.pdb'; linking object as if no debug info
     1>PocoFoundationmdd.lib(Debugger.obj) : warning LNK4099: PDB 'pocofoundationmdd.pdb' was not found with 'PocoFoundationmdd.lib(Debugger.obj)' or at 'E:\CommonLib\AmLog\Debug\pocofoundationmdd.pdb'; linking object as if no debug info
     1>PocoFoundationmdd.lib(Exception.obj) : warning LNK4099: PDB 'pocofoundationmdd.pdb' was not found with 'PocoFoundationmdd.lib(Exception.obj)' or at 'E:\CommonLib\AmLog\Debug\pocofoundationmdd.pdb'; linking object as if no debug info
     1>PocoFoundationmdd.lib(Latin2Encoding.obj) : warning LNK4099: PDB 'pocofoundationmdd.pdb' was not found with 'PocoFoundationmdd.lib(Latin2Encoding.obj)' or at 'E:\CommonLib\AmLog\Debug\pocofoundationmdd.pdb'; linking object as if no debug info
     1>PocoFoundationmdd.lib(MemoryPool.obj) : warning LNK4099: PDB 'pocofoundationmdd.pdb' was not found with 'PocoFoundationmdd.lib(MemoryPool.obj)' or at 'E:\CommonLib\AmLog\Debug\pocofoundationmdd.pdb'; linking object as if no debug info
     1>PocoFoundationmdd.lib(UTF32Encoding.obj) : warning LNK4099: PDB 'pocofoundationmdd.pdb' was not found with 'PocoFoundationmdd.lib(UTF32Encoding.obj)' or at 'E:\CommonLib\AmLog\Debug\pocofoundationmdd.pdb'; linking object as if no debug info
     1>PocoFoundationmdd.lib(Windows1250Encoding.obj) : warning LNK4099: PDB 'pocofoundationmdd.pdb' was not found with 'PocoFoundationmdd.lib(Windows1250Encoding.obj)' or at 'E:\CommonLib\AmLog\Debug\pocofoundationmdd.pdb'; linking object as if no debug info
     1>PocoFoundationmdd.lib(Windows1251Encoding.obj) : warning LNK4099: PDB 'pocofoundationmdd.pdb' was not found with 'PocoFoundationmdd.lib(Windows1251Encoding.obj)' or at 'E:\CommonLib\AmLog\Debug\pocofoundationmdd.pdb'; linking object as if no debug info
     1>PocoFoundationmdd.lib(Mutex.obj) : warning LNK4099: PDB 'pocofoundationmdd.pdb' was not found with 'PocoFoundationmdd.lib(Mutex.obj)' or at 'E:\CommonLib\AmLog\Debug\pocofoundationmdd.pdb'; linking object as if no debug info
     1>PocoFoundationmdd.lib(RWLock.obj) : warning LNK4099: PDB 'pocofoundationmdd.pdb' was not found with 'PocoFoundationmdd.lib(RWLock.obj)' or at 'E:\CommonLib\AmLog\Debug\pocofoundationmdd.pdb'; linking object as if no debug info
     1>PocoFoundationmdd.lib(Timestamp.obj) : warning LNK4099: PDB 'pocofoundationmdd.pdb' was not found with 'PocoFoundationmdd.lib(Timestamp.obj)' or at 'E:\CommonLib\AmLog\Debug\pocofoundationmdd.pdb'; linking object as if no debug info
     1>PocoFoundationmdd.lib(ASCIIEncoding.obj) : warning LNK4099: PDB 'pocofoundationmdd.pdb' was not found with 'PocoFoundationmdd.lib(ASCIIEncoding.obj)' or at 'E:\CommonLib\AmLog\Debug\pocofoundationmdd.pdb'; linking object as if no debug info
     1>PocoFoundationmdd.lib(Latin1Encoding.obj) : warning LNK4099: PDB 'pocofoundationmdd.pdb' was not found with 'PocoFoundationmdd.lib(Latin1Encoding.obj)' or at 'E:\CommonLib\AmLog\Debug\pocofoundationmdd.pdb'; linking object as if no debug info
     1>PocoFoundationmdd.lib(Latin9Encoding.obj) : warning LNK4099: PDB 'pocofoundationmdd.pdb' was not found with 'PocoFoundationmdd.lib(Latin9Encoding.obj)' or at 'E:\CommonLib\AmLog\Debug\pocofoundationmdd.pdb'; linking object as if no debug info
     1>PocoFoundationmdd.lib(TextConverter.obj) : warning LNK4099: PDB 'pocofoundationmdd.pdb' was not found with 'PocoFoundationmdd.lib(TextConverter.obj)' or at 'E:\CommonLib\AmLog\Debug\pocofoundationmdd.pdb'; linking object as if no debug info
     1>PocoFoundationmdd.lib(TextEncoding.obj) : warning LNK4099: PDB 'pocofoundationmdd.pdb' was not found with 'PocoFoundationmdd.lib(TextEncoding.obj)' or at 'E:\CommonLib\AmLog\Debug\pocofoundationmdd.pdb'; linking object as if no debug info
     1>PocoFoundationmdd.lib(TextIterator.obj) : warning LNK4099: PDB 'pocofoundationmdd.pdb' was not found with 'PocoFoundationmdd.lib(TextIterator.obj)' or at 'E:\CommonLib\AmLog\Debug\pocofoundationmdd.pdb'; linking object as if no debug info
     1>PocoFoundationmdd.lib(UnicodeConverter.obj) : warning LNK4099: PDB 'pocofoundationmdd.pdb' was not found with 'PocoFoundationmdd.lib(UnicodeConverter.obj)' or at 'E:\CommonLib\AmLog\Debug\pocofoundationmdd.pdb'; linking object as if no debug info
     1>PocoFoundationmdd.lib(UTF16Encoding.obj) : warning LNK4099: PDB 'pocofoundationmdd.pdb' was not found with 'PocoFoundationmdd.lib(UTF16Encoding.obj)' or at 'E:\CommonLib\AmLog\Debug\pocofoundationmdd.pdb'; linking object as if no debug info
     1>PocoFoundationmdd.lib(UTF8Encoding.obj) : warning LNK4099: PDB 'pocofoundationmdd.pdb' was not found with 'PocoFoundationmdd.lib(UTF8Encoding.obj)' or at 'E:\CommonLib\AmLog\Debug\pocofoundationmdd.pdb'; linking object as if no debug info
     1>PocoFoundationmdd.lib(Windows1252Encoding.obj) : warning LNK4099: PDB 'pocofoundationmdd.pdb' was not found with 'PocoFoundationmdd.lib(Windows1252Encoding.obj)' or at 'E:\CommonLib\AmLog\Debug\pocofoundationmdd.pdb'; linking object as if no debug info
     1>log4cplusSD.lib(appender.obj) : warning LNK4099: PDB 'log4cplussd.c.pdb' was not found with 'log4cplusSD.lib(appender.obj)' or at 'E:\CommonLib\AmLog\Debug\log4cplussd.c.pdb'; linking object as if no debug info
     1>log4cplusSD.lib(connectorthread.obj) : warning LNK4099: PDB 'log4cplussd.c.pdb' was not found with 'log4cplusSD.lib(connectorthread.obj)' or at 'E:\CommonLib\AmLog\Debug\log4cplussd.c.pdb'; linking object as if no debug info
     1>log4cplusSD.lib(fileinfo.obj) : warning LNK4099: PDB 'log4cplussd.c.pdb' was not found with 'log4cplusSD.lib(fileinfo.obj)' or at 'E:\CommonLib\AmLog\Debug\log4cplussd.c.pdb'; linking object as if no debug info
     1>log4cplusSD.lib(global-init.obj) : warning LNK4099: PDB 'log4cplussd.c.pdb' was not found with 'log4cplusSD.lib(global-init.obj)' or at 'E:\CommonLib\AmLog\Debug\log4cplussd.c.pdb'; linking object as if no debug info
     1>log4cplusSD.lib(hierarchy.obj) : warning LNK4099: PDB 'log4cplussd.c.pdb' was not found with 'log4cplusSD.lib(hierarchy.obj)' or at 'E:\CommonLib\AmLog\Debug\log4cplussd.c.pdb'; linking object as if no debug info
     1>log4cplusSD.lib(layout.obj) : warning LNK4099: PDB 'log4cplussd.c.pdb' was not found with 'log4cplusSD.lib(layout.obj)' or at 'E:\CommonLib\AmLog\Debug\log4cplussd.c.pdb'; linking object as if no debug info
     1>log4cplusSD.lib(lockfile.obj) : warning LNK4099: PDB 'log4cplussd.c.pdb' was not found with 'log4cplusSD.lib(lockfile.obj)' or at 'E:\CommonLib\AmLog\Debug\log4cplussd.c.pdb'; linking object as if no debug info
     1>log4cplusSD.lib(log4judpappender.obj) : warning LNK4099: PDB 'log4cplussd.c.pdb' was not found with 'log4cplusSD.lib(log4judpappender.obj)' or at 'E:\CommonLib\AmLog\Debug\log4cplussd.c.pdb'; linking object as if no debug info
     1>log4cplusSD.lib(logger.obj) : warning LNK4099: PDB 'log4cplussd.c.pdb' was not found with 'log4cplusSD.lib(logger.obj)' or at 'E:\CommonLib\AmLog\Debug\log4cplussd.c.pdb'; linking object as if no debug info
     1>log4cplusSD.lib(loggingevent.obj) : warning LNK4099: PDB 'log4cplussd.c.pdb' was not found with 'log4cplusSD.lib(loggingevent.obj)' or at 'E:\CommonLib\AmLog\Debug\log4cplussd.c.pdb'; linking object as if no debug info
     1>log4cplusSD.lib(loggingmacros.obj) : warning LNK4099: PDB 'log4cplussd.c.pdb' was not found with 'log4cplusSD.lib(loggingmacros.obj)' or at 'E:\CommonLib\AmLog\Debug\log4cplussd.c.pdb'; linking object as if no debug info
     1>log4cplusSD.lib(mdc.obj) : warning LNK4099: PDB 'log4cplussd.c.pdb' was not found with 'log4cplusSD.lib(mdc.obj)' or at 'E:\CommonLib\AmLog\Debug\log4cplussd.c.pdb'; linking object as if no debug info
     1>log4cplusSD.lib(ndc.obj) : warning LNK4099: PDB 'log4cplussd.c.pdb' was not found with 'log4cplusSD.lib(ndc.obj)' or at 'E:\CommonLib\AmLog\Debug\log4cplussd.c.pdb'; linking object as if no debug info
     1>log4cplusSD.lib(patternlayout.obj) : warning LNK4099: PDB 'log4cplussd.c.pdb' was not found with 'log4cplusSD.lib(patternlayout.obj)' or at 'E:\CommonLib\AmLog\Debug\log4cplussd.c.pdb'; linking object as if no debug info
     1>log4cplusSD.lib(property.obj) : warning LNK4099: PDB 'log4cplussd.c.pdb' was not found with 'log4cplusSD.lib(property.obj)' or at 'E:\CommonLib\AmLog\Debug\log4cplussd.c.pdb'; linking object as if no debug info
     1>log4cplusSD.lib(asyncappender.obj) : warning LNK4099: PDB 'log4cplussd.c.pdb' was not found with 'log4cplusSD.lib(asyncappender.obj)' or at 'E:\CommonLib\AmLog\Debug\log4cplussd.c.pdb'; linking object as if no debug info
     1>log4cplusSD.lib(consoleappender.obj) : warning LNK4099: PDB 'log4cplussd.c.pdb' was not found with 'log4cplusSD.lib(consoleappender.obj)' or at 'E:\CommonLib\AmLog\Debug\log4cplussd.c.pdb'; linking object as if no debug info
     1>log4cplusSD.lib(fileappender.obj) : warning LNK4099: PDB 'log4cplussd.c.pdb' was not found with 'log4cplusSD.lib(fileappender.obj)' or at 'E:\CommonLib\AmLog\Debug\log4cplussd.c.pdb'; linking object as if no debug info
     1>log4cplusSD.lib(nteventlogappender.obj) : warning LNK4099: PDB 'log4cplussd.c.pdb' was not found with 'log4cplusSD.lib(nteventlogappender.obj)' or at 'E:\CommonLib\AmLog\Debug\log4cplussd.c.pdb'; linking object as if no debug info
     1>log4cplusSD.lib(nullappender.obj) : warning LNK4099: PDB 'log4cplussd.c.pdb' was not found with 'log4cplusSD.lib(nullappender.obj)' or at 'E:\CommonLib\AmLog\Debug\log4cplussd.c.pdb'; linking object as if no debug info
     1>log4cplusSD.lib(socketappender.obj) : warning LNK4099: PDB 'log4cplussd.c.pdb' was not found with 'log4cplusSD.lib(socketappender.obj)' or at 'E:\CommonLib\AmLog\Debug\log4cplussd.c.pdb'; linking object as if no debug info
     1>log4cplusSD.lib(syslogappender.obj) : warning LNK4099: PDB 'log4cplussd.c.pdb' was not found with 'log4cplusSD.lib(syslogappender.obj)' or at 'E:\CommonLib\AmLog\Debug\log4cplussd.c.pdb'; linking object as if no debug info
     1>log4cplusSD.lib(win32consoleappender.obj) : warning LNK4099: PDB 'log4cplussd.c.pdb' was not found with 'log4cplusSD.lib(win32consoleappender.obj)' or at 'E:\CommonLib\AmLog\Debug\log4cplussd.c.pdb'; linking object as if no debug info
     1>log4cplusSD.lib(win32debugappender.obj) : warning LNK4099: PDB 'log4cplussd.c.pdb' was not found with 'log4cplusSD.lib(win32debugappender.obj)' or at 'E:\CommonLib\AmLog\Debug\log4cplussd.c.pdb'; linking object as if no debug info
     1>log4cplusSD.lib(env.obj) : warning LNK4099: PDB 'log4cplussd.c.pdb' was not found with 'log4cplusSD.lib(env.obj)' or at 'E:\CommonLib\AmLog\Debug\log4cplussd.c.pdb'; linking object as if no debug info
     1>log4cplusSD.lib(appenderattachableimpl.obj) : warning LNK4099: PDB 'log4cplussd.c.pdb' was not found with 'log4cplusSD.lib(appenderattachableimpl.obj)' or at 'E:\CommonLib\AmLog\Debug\log4cplussd.c.pdb'; linking object as if no debug info
     1>log4cplusSD.lib(loglog.obj) : warning LNK4099: PDB 'log4cplussd.c.pdb' was not found with 'log4cplusSD.lib(loglog.obj)' or at 'E:\CommonLib\AmLog\Debug\log4cplussd.c.pdb'; linking object as if no debug info
     1>log4cplusSD.lib(pointer.obj) : warning LNK4099: PDB 'log4cplussd.c.pdb' was not found with 'log4cplusSD.lib(pointer.obj)' or at 'E:\CommonLib\AmLog\Debug\log4cplussd.c.pdb'; linking object as if no debug info
     1>log4cplusSD.lib(queue.obj) : warning LNK4099: PDB 'log4cplussd.c.pdb' was not found with 'log4cplusSD.lib(queue.obj)' or at 'E:\CommonLib\AmLog\Debug\log4cplussd.c.pdb'; linking object as if no debug info
     1>log4cplusSD.lib(sleep.obj) : warning LNK4099: PDB 'log4cplussd.c.pdb' was not found with 'log4cplusSD.lib(sleep.obj)' or at 'E:\CommonLib\AmLog\Debug\log4cplussd.c.pdb'; linking object as if no debug info
     1>log4cplusSD.lib(snprintf.obj) : warning LNK4099: PDB 'log4cplussd.c.pdb' was not found with 'log4cplusSD.lib(snprintf.obj)' or at 'E:\CommonLib\AmLog\Debug\log4cplussd.c.pdb'; linking object as if no debug info
     1>log4cplusSD.lib(socket-win32.obj) : warning LNK4099: PDB 'log4cplussd.c.pdb' was not found with 'log4cplusSD.lib(socket-win32.obj)' or at 'E:\CommonLib\AmLog\Debug\log4cplussd.c.pdb'; linking object as if no debug info
     1>log4cplusSD.lib(socket.obj) : warning LNK4099: PDB 'log4cplussd.c.pdb' was not found with 'log4cplusSD.lib(socket.obj)' or at 'E:\CommonLib\AmLog\Debug\log4cplussd.c.pdb'; linking object as if no debug info
     1>log4cplusSD.lib(socketbuffer.obj) : warning LNK4099: PDB 'log4cplussd.c.pdb' was not found with 'log4cplusSD.lib(socketbuffer.obj)' or at 'E:\CommonLib\AmLog\Debug\log4cplussd.c.pdb'; linking object as if no debug info
     1>log4cplusSD.lib(stringhelper.obj) : warning LNK4099: PDB 'log4cplussd.c.pdb' was not found with 'log4cplusSD.lib(stringhelper.obj)' or at 'E:\CommonLib\AmLog\Debug\log4cplussd.c.pdb'; linking object as if no debug info
     1>log4cplusSD.lib(timehelper.obj) : warning LNK4099: PDB 'log4cplussd.c.pdb' was not found with 'log4cplusSD.lib(timehelper.obj)' or at 'E:\CommonLib\AmLog\Debug\log4cplussd.c.pdb'; linking object as if no debug info
     1>log4cplusSD.lib(factory.obj) : warning LNK4099: PDB 'log4cplussd.c.pdb' was not found with 'log4cplusSD.lib(factory.obj)' or at 'E:\CommonLib\AmLog\Debug\log4cplussd.c.pdb'; linking object as if no debug info
     1>log4cplusSD.lib(filter.obj) : warning LNK4099: PDB 'log4cplussd.c.pdb' was not found with 'log4cplusSD.lib(filter.obj)' or at 'E:\CommonLib\AmLog\Debug\log4cplussd.c.pdb'; linking object as if no debug info
     1>log4cplusSD.lib(loggerimpl.obj) : warning LNK4099: PDB 'log4cplussd.c.pdb' was not found with 'log4cplusSD.lib(loggerimpl.obj)' or at 'E:\CommonLib\AmLog\Debug\log4cplussd.c.pdb'; linking object as if no debug info
     1>log4cplusSD.lib(loglevel.obj) : warning LNK4099: PDB 'log4cplussd.c.pdb' was not found with 'log4cplusSD.lib(loglevel.obj)' or at 'E:\CommonLib\AmLog\Debug\log4cplussd.c.pdb'; linking object as if no debug info
     1>log4cplusSD.lib(objectregistry.obj) : warning LNK4099: PDB 'log4cplussd.c.pdb' was not found with 'log4cplusSD.lib(objectregistry.obj)' or at 'E:\CommonLib\AmLog\Debug\log4cplussd.c.pdb'; linking object as if no debug info
     1>log4cplusSD.lib(rootlogger.obj) : warning LNK4099: PDB 'log4cplussd.c.pdb' was not found with 'log4cplusSD.lib(rootlogger.obj)' or at 'E:\CommonLib\AmLog\Debug\log4cplussd.c.pdb'; linking object as if no debug info
     1>log4cplusSD.lib(syncprims.obj) : warning LNK4099: PDB 'log4cplussd.c.pdb' was not found with 'log4cplusSD.lib(syncprims.obj)' or at 'E:\CommonLib\AmLog\Debug\log4cplussd.c.pdb'; linking object as if no debug info
     1>log4cplusSD.lib(threads.obj) : warning LNK4099: PDB 'log4cplussd.c.pdb' was not found with 'log4cplusSD.lib(threads.obj)' or at 'E:\CommonLib\AmLog\Debug\log4cplussd.c.pdb'; linking object as if no debug info
       Manifest:
         Deleting file "Debug\DALogD.dll.embed.manifest".
         C:\Program Files (x86)\Microsoft SDKs\Windows\v7.0A\bin\mt.exe /nologo /verbose /out:"Debug\DALogD.dll.embed.manifest" /manifest Debug\DALogD.dll.intermediate.manifest
         C:\Program Files (x86)\Microsoft SDKs\Windows\v7.0A\bin\rc.exe /nologo /fo"Debug\DALogD.dll.embed.manifest.res" Debug\DALogD_manifest.rc 
       LinkEmbedManifest:
         C:\Program Files (x86)\Microsoft Visual Studio 10.0\VC\bin\link.exe /ERRORREPORT:PROMPT /OUT:"E:\CommonLib\AmLog\Debug\DALogD.dll" /INCREMENTAL /NOLOGO /LIBPATH:..\..\POCO\lib kernel32.lib user32.lib gdi32.lib winspool.lib comdlg32.lib advapi32.lib shell32.lib ole32.lib oleaut32.lib uuid.lib odbc32.lib odbccp32.lib /MANIFEST /ManifestFile:"Debug\DALogD.dll.intermediate.manifest" /MANIFESTUAC:"level='asInvoker' uiAccess='false'" /DEBUG /PDB:"E:\CommonLib\AmLog\Debug\DALogD.pdb" /SUBSYSTEM:WINDOWS /TLBID:1 /DYNAMICBASE /NXCOMPAT /IMPLIB:"E:\CommonLib\AmLog\Debug\DALogD.lib" /MACHINE:X86 /DLL Debug\DALogD.dll.embed.manifest.res
         Debug\AmLog.obj
            Creating library E:\CommonLib\AmLog\Debug\DALogD.lib and object E:\CommonLib\AmLog\Debug\DALogD.exp
     1>PocoFoundationmdd.lib(Ascii.obj) : warning LNK4099: PDB 'pocofoundationmdd.pdb' was not found with 'PocoFoundationmdd.lib(Ascii.obj)' or at 'E:\CommonLib\AmLog\Debug\pocofoundationmdd.pdb'; linking object as if no debug info
     1>PocoFoundationmdd.lib(AtomicCounter.obj) : warning LNK4099: PDB 'pocofoundationmdd.pdb' was not found with 'PocoFoundationmdd.lib(AtomicCounter.obj)' or at 'E:\CommonLib\AmLog\Debug\pocofoundationmdd.pdb'; linking object as if no debug info
     1>PocoFoundationmdd.lib(Bugcheck.obj) : warning LNK4099: PDB 'pocofoundationmdd.pdb' was not found with 'PocoFoundationmdd.lib(Bugcheck.obj)' or at 'E:\CommonLib\AmLog\Debug\pocofoundationmdd.pdb'; linking object as if no debug info
     1>PocoFoundationmdd.lib(Debugger.obj) : warning LNK4099: PDB 'pocofoundationmdd.pdb' was not found with 'PocoFoundationmdd.lib(Debugger.obj)' or at 'E:\CommonLib\AmLog\Debug\pocofoundationmdd.pdb'; linking object as if no debug info
     1>PocoFoundationmdd.lib(Exception.obj) : warning LNK4099: PDB 'pocofoundationmdd.pdb' was not found with 'PocoFoundationmdd.lib(Exception.obj)' or at 'E:\CommonLib\AmLog\Debug\pocofoundationmdd.pdb'; linking object as if no debug info
     1>PocoFoundationmdd.lib(Latin2Encoding.obj) : warning LNK4099: PDB 'pocofoundationmdd.pdb' was not found with 'PocoFoundationmdd.lib(Latin2Encoding.obj)' or at 'E:\CommonLib\AmLog\Debug\pocofoundationmdd.pdb'; linking object as if no debug info
     1>PocoFoundationmdd.lib(MemoryPool.obj) : warning LNK4099: PDB 'pocofoundationmdd.pdb' was not found with 'PocoFoundationmdd.lib(MemoryPool.obj)' or at 'E:\CommonLib\AmLog\Debug\pocofoundationmdd.pdb'; linking object as if no debug info
     1>PocoFoundationmdd.lib(UTF32Encoding.obj) : warning LNK4099: PDB 'pocofoundationmdd.pdb' was not found with 'PocoFoundationmdd.lib(UTF32Encoding.obj)' or at 'E:\CommonLib\AmLog\Debug\pocofoundationmdd.pdb'; linking object as if no debug info
     1>PocoFoundationmdd.lib(Windows1250Encoding.obj) : warning LNK4099: PDB 'pocofoundationmdd.pdb' was not found with 'PocoFoundationmdd.lib(Windows1250Encoding.obj)' or at 'E:\CommonLib\AmLog\Debug\pocofoundationmdd.pdb'; linking object as if no debug info
     1>PocoFoundationmdd.lib(Windows1251Encoding.obj) : warning LNK4099: PDB 'pocofoundationmdd.pdb' was not found with 'PocoFoundationmdd.lib(Windows1251Encoding.obj)' or at 'E:\CommonLib\AmLog\Debug\pocofoundationmdd.pdb'; linking object as if no debug info
     1>PocoFoundationmdd.lib(Mutex.obj) : warning LNK4099: PDB 'pocofoundationmdd.pdb' was not found with 'PocoFoundationmdd.lib(Mutex.obj)' or at 'E:\CommonLib\AmLog\Debug\pocofoundationmdd.pdb'; linking object as if no debug info
     1>PocoFoundationmdd.lib(RWLock.obj) : warning LNK4099: PDB 'pocofoundationmdd.pdb' was not found with 'PocoFoundationmdd.lib(RWLock.obj)' or at 'E:\CommonLib\AmLog\Debug\pocofoundationmdd.pdb'; linking object as if no debug info
     1>PocoFoundationmdd.lib(Timestamp.obj) : warning LNK4099: PDB 'pocofoundationmdd.pdb' was not found with 'PocoFoundationmdd.lib(Timestamp.obj)' or at 'E:\CommonLib\AmLog\Debug\pocofoundationmdd.pdb'; linking object as if no debug info
     1>PocoFoundationmdd.lib(ASCIIEncoding.obj) : warning LNK4099: PDB 'pocofoundationmdd.pdb' was not found with 'PocoFoundationmdd.lib(ASCIIEncoding.obj)' or at 'E:\CommonLib\AmLog\Debug\pocofoundationmdd.pdb'; linking object as if no debug info
     1>PocoFoundationmdd.lib(Latin1Encoding.obj) : warning LNK4099: PDB 'pocofoundationmdd.pdb' was not found with 'PocoFoundationmdd.lib(Latin1Encoding.obj)' or at 'E:\CommonLib\AmLog\Debug\pocofoundationmdd.pdb'; linking object as if no debug info
     1>PocoFoundationmdd.lib(Latin9Encoding.obj) : warning LNK4099: PDB 'pocofoundationmdd.pdb' was not found with 'PocoFoundationmdd.lib(Latin9Encoding.obj)' or at 'E:\CommonLib\AmLog\Debug\pocofoundationmdd.pdb'; linking object as if no debug info
     1>PocoFoundationmdd.lib(TextConverter.obj) : warning LNK4099: PDB 'pocofoundationmdd.pdb' was not found with 'PocoFoundationmdd.lib(TextConverter.obj)' or at 'E:\CommonLib\AmLog\Debug\pocofoundationmdd.pdb'; linking object as if no debug info
     1>PocoFoundationmdd.lib(TextEncoding.obj) : warning LNK4099: PDB 'pocofoundationmdd.pdb' was not found with 'PocoFoundationmdd.lib(TextEncoding.obj)' or at 'E:\CommonLib\AmLog\Debug\pocofoundationmdd.pdb'; linking object as if no debug info
     1>PocoFoundationmdd.lib(TextIterator.obj) : warning LNK4099: PDB 'pocofoundationmdd.pdb' was not found with 'PocoFoundationmdd.lib(TextIterator.obj)' or at 'E:\CommonLib\AmLog\Debug\pocofoundationmdd.pdb'; linking object as if no debug info
     1>PocoFoundationmdd.lib(UnicodeConverter.obj) : warning LNK4099: PDB 'pocofoundationmdd.pdb' was not found with 'PocoFoundationmdd.lib(UnicodeConverter.obj)' or at 'E:\CommonLib\AmLog\Debug\pocofoundationmdd.pdb'; linking object as if no debug info
     1>PocoFoundationmdd.lib(UTF16Encoding.obj) : warning LNK4099: PDB 'pocofoundationmdd.pdb' was not found with 'PocoFoundationmdd.lib(UTF16Encoding.obj)' or at 'E:\CommonLib\AmLog\Debug\pocofoundationmdd.pdb'; linking object as if no debug info
     1>PocoFoundationmdd.lib(UTF8Encoding.obj) : warning LNK4099: PDB 'pocofoundationmdd.pdb' was not found with 'PocoFoundationmdd.lib(UTF8Encoding.obj)' or at 'E:\CommonLib\AmLog\Debug\pocofoundationmdd.pdb'; linking object as if no debug info
     1>PocoFoundationmdd.lib(Windows1252Encoding.obj) : warning LNK4099: PDB 'pocofoundationmdd.pdb' was not found with 'PocoFoundationmdd.lib(Windows1252Encoding.obj)' or at 'E:\CommonLib\AmLog\Debug\pocofoundationmdd.pdb'; linking object as if no debug info
     1>log4cplusSD.lib(appender.obj) : warning LNK4099: PDB 'log4cplussd.c.pdb' was not found with 'log4cplusSD.lib(appender.obj)' or at 'E:\CommonLib\AmLog\Debug\log4cplussd.c.pdb'; linking object as if no debug info
     1>log4cplusSD.lib(connectorthread.obj) : warning LNK4099: PDB 'log4cplussd.c.pdb' was not found with 'log4cplusSD.lib(connectorthread.obj)' or at 'E:\CommonLib\AmLog\Debug\log4cplussd.c.pdb'; linking object as if no debug info
     1>log4cplusSD.lib(fileinfo.obj) : warning LNK4099: PDB 'log4cplussd.c.pdb' was not found with 'log4cplusSD.lib(fileinfo.obj)' or at 'E:\CommonLib\AmLog\Debug\log4cplussd.c.pdb'; linking object as if no debug info
     1>log4cplusSD.lib(global-init.obj) : warning LNK4099: PDB 'log4cplussd.c.pdb' was not found with 'log4cplusSD.lib(global-init.obj)' or at 'E:\CommonLib\AmLog\Debug\log4cplussd.c.pdb'; linking object as if no debug info
     1>log4cplusSD.lib(hierarchy.obj) : warning LNK4099: PDB 'log4cplussd.c.pdb' was not found with 'log4cplusSD.lib(hierarchy.obj)' or at 'E:\CommonLib\AmLog\Debug\log4cplussd.c.pdb'; linking object as if no debug info
     1>log4cplusSD.lib(layout.obj) : warning LNK4099: PDB 'log4cplussd.c.pdb' was not found with 'log4cplusSD.lib(layout.obj)' or at 'E:\CommonLib\AmLog\Debug\log4cplussd.c.pdb'; linking object as if no debug info
     1>log4cplusSD.lib(lockfile.obj) : warning LNK4099: PDB 'log4cplussd.c.pdb' was not found with 'log4cplusSD.lib(lockfile.obj)' or at 'E:\CommonLib\AmLog\Debug\log4cplussd.c.pdb'; linking object as if no debug info
     1>log4cplusSD.lib(log4judpappender.obj) : warning LNK4099: PDB 'log4cplussd.c.pdb' was not found with 'log4cplusSD.lib(log4judpappender.obj)' or at 'E:\CommonLib\AmLog\Debug\log4cplussd.c.pdb'; linking object as if no debug info
     1>log4cplusSD.lib(logger.obj) : warning LNK4099: PDB 'log4cplussd.c.pdb' was not found with 'log4cplusSD.lib(logger.obj)' or at 'E:\CommonLib\AmLog\Debug\log4cplussd.c.pdb'; linking object as if no debug info
     1>log4cplusSD.lib(loggingevent.obj) : warning LNK4099: PDB 'log4cplussd.c.pdb' was not found with 'log4cplusSD.lib(loggingevent.obj)' or at 'E:\CommonLib\AmLog\Debug\log4cplussd.c.pdb'; linking object as if no debug info
     1>log4cplusSD.lib(loggingmacros.obj) : warning LNK4099: PDB 'log4cplussd.c.pdb' was not found with 'log4cplusSD.lib(loggingmacros.obj)' or at 'E:\CommonLib\AmLog\Debug\log4cplussd.c.pdb'; linking object as if no debug info
     1>log4cplusSD.lib(mdc.obj) : warning LNK4099: PDB 'log4cplussd.c.pdb' was not found with 'log4cplusSD.lib(mdc.obj)' or at 'E:\CommonLib\AmLog\Debug\log4cplussd.c.pdb'; linking object as if no debug info
     1>log4cplusSD.lib(ndc.obj) : warning LNK4099: PDB 'log4cplussd.c.pdb' was not found with 'log4cplusSD.lib(ndc.obj)' or at 'E:\CommonLib\AmLog\Debug\log4cplussd.c.pdb'; linking object as if no debug info
     1>log4cplusSD.lib(patternlayout.obj) : warning LNK4099: PDB 'log4cplussd.c.pdb' was not found with 'log4cplusSD.lib(patternlayout.obj)' or at 'E:\CommonLib\AmLog\Debug\log4cplussd.c.pdb'; linking object as if no debug info
     1>log4cplusSD.lib(property.obj) : warning LNK4099: PDB 'log4cplussd.c.pdb' was not found with 'log4cplusSD.lib(property.obj)' or at 'E:\CommonLib\AmLog\Debug\log4cplussd.c.pdb'; linking object as if no debug info
     1>log4cplusSD.lib(asyncappender.obj) : warning LNK4099: PDB 'log4cplussd.c.pdb' was not found with 'log4cplusSD.lib(asyncappender.obj)' or at 'E:\CommonLib\AmLog\Debug\log4cplussd.c.pdb'; linking object as if no debug info
     1>log4cplusSD.lib(consoleappender.obj) : warning LNK4099: PDB 'log4cplussd.c.pdb' was not found with 'log4cplusSD.lib(consoleappender.obj)' or at 'E:\CommonLib\AmLog\Debug\log4cplussd.c.pdb'; linking object as if no debug info
     1>log4cplusSD.lib(fileappender.obj) : warning LNK4099: PDB 'log4cplussd.c.pdb' was not found with 'log4cplusSD.lib(fileappender.obj)' or at 'E:\CommonLib\AmLog\Debug\log4cplussd.c.pdb'; linking object as if no debug info
     1>log4cplusSD.lib(nteventlogappender.obj) : warning LNK4099: PDB 'log4cplussd.c.pdb' was not found with 'log4cplusSD.lib(nteventlogappender.obj)' or at 'E:\CommonLib\AmLog\Debug\log4cplussd.c.pdb'; linking object as if no debug info
     1>log4cplusSD.lib(nullappender.obj) : warning LNK4099: PDB 'log4cplussd.c.pdb' was not found with 'log4cplusSD.lib(nullappender.obj)' or at 'E:\CommonLib\AmLog\Debug\log4cplussd.c.pdb'; linking object as if no debug info
     1>log4cplusSD.lib(socketappender.obj) : warning LNK4099: PDB 'log4cplussd.c.pdb' was not found with 'log4cplusSD.lib(socketappender.obj)' or at 'E:\CommonLib\AmLog\Debug\log4cplussd.c.pdb'; linking object as if no debug info
     1>log4cplusSD.lib(syslogappender.obj) : warning LNK4099: PDB 'log4cplussd.c.pdb' was not found with 'log4cplusSD.lib(syslogappender.obj)' or at 'E:\CommonLib\AmLog\Debug\log4cplussd.c.pdb'; linking object as if no debug info
     1>log4cplusSD.lib(win32consoleappender.obj) : warning LNK4099: PDB 'log4cplussd.c.pdb' was not found with 'log4cplusSD.lib(win32consoleappender.obj)' or at 'E:\CommonLib\AmLog\Debug\log4cplussd.c.pdb'; linking object as if no debug info
     1>log4cplusSD.lib(win32debugappender.obj) : warning LNK4099: PDB 'log4cplussd.c.pdb' was not found with 'log4cplusSD.lib(win32debugappender.obj)' or at 'E:\CommonLib\AmLog\Debug\log4cplussd.c.pdb'; linking object as if no debug info
     1>log4cplusSD.lib(env.obj) : warning LNK4099: PDB 'log4cplussd.c.pdb' was not found with 'log4cplusSD.lib(env.obj)' or at 'E:\CommonLib\AmLog\Debug\log4cplussd.c.pdb'; linking object as if no debug info
     1>log4cplusSD.lib(appenderattachableimpl.obj) : warning LNK4099: PDB 'log4cplussd.c.pdb' was not found with 'log4cplusSD.lib(appenderattachableimpl.obj)' or at 'E:\CommonLib\AmLog\Debug\log4cplussd.c.pdb'; linking object as if no debug info
     1>log4cplusSD.lib(loglog.obj) : warning LNK4099: PDB 'log4cplussd.c.pdb' was not found with 'log4cplusSD.lib(loglog.obj)' or at 'E:\CommonLib\AmLog\Debug\log4cplussd.c.pdb'; linking object as if no debug info
     1>log4cplusSD.lib(pointer.obj) : warning LNK4099: PDB 'log4cplussd.c.pdb' was not found with 'log4cplusSD.lib(pointer.obj)' or at 'E:\CommonLib\AmLog\Debug\log4cplussd.c.pdb'; linking object as if no debug info
     1>log4cplusSD.lib(queue.obj) : warning LNK4099: PDB 'log4cplussd.c.pdb' was not found with 'log4cplusSD.lib(queue.obj)' or at 'E:\CommonLib\AmLog\Debug\log4cplussd.c.pdb'; linking object as if no debug info
     1>log4cplusSD.lib(sleep.obj) : warning LNK4099: PDB 'log4cplussd.c.pdb' was not found with 'log4cplusSD.lib(sleep.obj)' or at 'E:\CommonLib\AmLog\Debug\log4cplussd.c.pdb'; linking object as if no debug info
     1>log4cplusSD.lib(snprintf.obj) : warning LNK4099: PDB 'log4cplussd.c.pdb' was not found with 'log4cplusSD.lib(snprintf.obj)' or at 'E:\CommonLib\AmLog\Debug\log4cplussd.c.pdb'; linking object as if no debug info
     1>log4cplusSD.lib(socket-win32.obj) : warning LNK4099: PDB 'log4cplussd.c.pdb' was not found with 'log4cplusSD.lib(socket-win32.obj)' or at 'E:\CommonLib\AmLog\Debug\log4cplussd.c.pdb'; linking object as if no debug info
     1>log4cplusSD.lib(socket.obj) : warning LNK4099: PDB 'log4cplussd.c.pdb' was not found with 'log4cplusSD.lib(socket.obj)' or at 'E:\CommonLib\AmLog\Debug\log4cplussd.c.pdb'; linking object as if no debug info
     1>log4cplusSD.lib(socketbuffer.obj) : warning LNK4099: PDB 'log4cplussd.c.pdb' was not found with 'log4cplusSD.lib(socketbuffer.obj)' or at 'E:\CommonLib\AmLog\Debug\log4cplussd.c.pdb'; linking object as if no debug info
     1>log4cplusSD.lib(stringhelper.obj) : warning LNK4099: PDB 'log4cplussd.c.pdb' was not found with 'log4cplusSD.lib(stringhelper.obj)' or at 'E:\CommonLib\AmLog\Debug\log4cplussd.c.pdb'; linking object as if no debug info
     1>log4cplusSD.lib(timehelper.obj) : warning LNK4099: PDB 'log4cplussd.c.pdb' was not found with 'log4cplusSD.lib(timehelper.obj)' or at 'E:\CommonLib\AmLog\Debug\log4cplussd.c.pdb'; linking object as if no debug info
     1>log4cplusSD.lib(factory.obj) : warning LNK4099: PDB 'log4cplussd.c.pdb' was not found with 'log4cplusSD.lib(factory.obj)' or at 'E:\CommonLib\AmLog\Debug\log4cplussd.c.pdb'; linking object as if no debug info
     1>log4cplusSD.lib(filter.obj) : warning LNK4099: PDB 'log4cplussd.c.pdb' was not found with 'log4cplusSD.lib(filter.obj)' or at 'E:\CommonLib\AmLog\Debug\log4cplussd.c.pdb'; linking object as if no debug info
     1>log4cplusSD.lib(loggerimpl.obj) : warning LNK4099: PDB 'log4cplussd.c.pdb' was not found with 'log4cplusSD.lib(loggerimpl.obj)' or at 'E:\CommonLib\AmLog\Debug\log4cplussd.c.pdb'; linking object as if no debug info
     1>log4cplusSD.lib(loglevel.obj) : warning LNK4099: PDB 'log4cplussd.c.pdb' was not found with 'log4cplusSD.lib(loglevel.obj)' or at 'E:\CommonLib\AmLog\Debug\log4cplussd.c.pdb'; linking object as if no debug info
     1>log4cplusSD.lib(objectregistry.obj) : warning LNK4099: PDB 'log4cplussd.c.pdb' was not found with 'log4cplusSD.lib(objectregistry.obj)' or at 'E:\CommonLib\AmLog\Debug\log4cplussd.c.pdb'; linking object as if no debug info
     1>log4cplusSD.lib(rootlogger.obj) : warning LNK4099: PDB 'log4cplussd.c.pdb' was not found with 'log4cplusSD.lib(rootlogger.obj)' or at 'E:\CommonLib\AmLog\Debug\log4cplussd.c.pdb'; linking object as if no debug info
     1>log4cplusSD.lib(syncprims.obj) : warning LNK4099: PDB 'log4cplussd.c.pdb' was not found with 'log4cplusSD.lib(syncprims.obj)' or at 'E:\CommonLib\AmLog\Debug\log4cplussd.c.pdb'; linking object as if no debug info
     1>log4cplusSD.lib(threads.obj) : warning LNK4099: PDB 'log4cplussd.c.pdb' was not found with 'log4cplusSD.lib(threads.obj)' or at 'E:\CommonLib\AmLog\Debug\log4cplussd.c.pdb'; linking object as if no debug info
         AmLog.vcxproj -> E:\CommonLib\AmLog\Debug\DALogD.dll
       FinalizeBuildStatus:
         Deleting file "Debug\AmLog.unsuccessfulbuild".
         Touching "Debug\AmLog.lastbuildstate".
     1>Done Building Project "E:\CommonLib\AmLog\AmLog\AmLog.vcxproj" (rebuild target(s)).

Build succeeded.

Time Elapsed 00:00:01.67
