Build started 2017/8/24 10:33:49.
     1>Project "E:\CommonLib\POCO\Net\Net_x64_vs100.vcxproj" on node 2 (rebuild target(s)).
     1>_PrepareForClean:
         Deleting file "obj64\Net\release_static_mt\Net.lastbuildstate".
       InitializeBuildStatus:
         Creating "obj64\Net\release_static_mt\Net.unsuccessfulbuild" because "AlwaysCreate" was specified.
       ClCompile:
         C:\Program Files (x86)\Microsoft Visual Studio 10.0\VC\bin\CL.exe /c /I.\include /I..\Foundation\include /nologo /W3 /WX- /O2 /Ob1 /Oi /Ot /Oy /D WIN32 /D NDEBUG /D _WINDOWS /D POCO_STATIC /D _MBCS /GF /Gm- /EHsc /MT /GS- /fp:precise /Zc:wchar_t /Zc:forScope /GR /Fo"obj64\Net\release_static_mt\\" /Fd"obj64\Net\release_static_mt\vc100.pdb" /Gd /TP /analyze- /errorReport:prompt src\DNS.cpp src\HostEntry.cpp src\IPAddress.cpp src\IPAddressImpl.cpp src\Net.cpp src\NetException.cpp src\NetworkInterface.cpp src\SocketAddress.cpp src\SocketAddressImpl.cpp src\DatagramSocket.cpp src\DatagramSocketImpl.cpp src\DialogSocket.cpp src\MulticastSocket.cpp src\RawSocket.cpp src\RawSocketImpl.cpp src\ServerSocket.cpp src\ServerSocketImpl.cpp src\Socket.cpp src\SocketImpl.cpp src\SocketStream.cpp src\StreamSocket.cpp src\StreamSocketImpl.cpp src\FilePartSource.cpp src\MediaType.cpp src\MessageHeader.cpp src\MultipartReader.cpp src\MultipartWriter.cpp src\NameValueCollection.cpp src\NullPartHandler.cpp src\PartHandler.cpp src\PartSource.cpp src\PartStore.cpp src\QuotedPrintableDecoder.cpp src\QuotedPrintableEncoder.cpp src\StringPartSource.cpp src\HTTPAuthenticationParams.cpp src\HTTPBasicCredentials.cpp src\HTTPBufferAllocator.cpp src\HTTPChunkedStream.cpp src\HTTPCookie.cpp src\HTTPCredentials.cpp src\HTTPDigestCredentials.cpp src\HTTPFixedLengthStream.cpp src\HTTPHeaderStream.cpp src\HTTPMessage.cpp src\HTTPRequest.cpp src\HTTPResponse.cpp src\HTTPSession.cpp src\HTTPStream.cpp src\TCPServer.cpp src\TCPServerConnection.cpp src\TCPServerConnectionFactory.cpp src\TCPServerDispatcher.cpp src\TCPServerParams.cpp src\AbstractHTTPRequestHandler.cpp src\HTTPRequestHandler.cpp src\HTTPRequestHandlerFactory.cpp src\HTTPServer.cpp src\HTTPServerConnection.cpp src\HTTPServerConnectionFactory.cpp src\HTTPServerParams.cpp src\HTTPServerRequest.cpp src\HTTPServerRequestImpl.cpp src\HTTPServerResponse.cpp src\HTTPServerResponseImpl.cpp src\HTTPServerSession.cpp src\HTTPClientSession.cpp src\HTTPIOStream.cpp src\HTTPSessionFactory.cpp src\HTTPSessionInstantiator.cpp src\HTTPStreamFactory.cpp src\HTMLForm.cpp src\FTPClientSession.cpp src\FTPStreamFactory.cpp src\SocketNotification.cpp src\SocketNotifier.cpp src\SocketReactor.cpp src\MailMessage.cpp src\MailRecipient.cpp src\MailStream.cpp src\POP3ClientSession.cpp src\SMTPClientSession.cpp src\ICMPClient.cpp src\ICMPEventArgs.cpp src\ICMPPacket.cpp src\ICMPPacketImpl.cpp src\ICMPSocket.cpp src\ICMPSocketImpl.cpp src\ICMPv4PacketImpl.cpp src\NTPClient.cpp src\NTPEventArgs.cpp src\NTPPacket.cpp src\RemoteSyslogChannel.cpp src\RemoteSyslogListener.cpp src\SMTPChannel.cpp src\WebSocket.cpp src\WebSocketImpl.cpp src\OAuth10Credentials.cpp src\OAuth20Credentials.cpp
         DNS.cpp
         HostEntry.cpp
         IPAddress.cpp
         IPAddressImpl.cpp
         Net.cpp
         NetException.cpp
         NetworkInterface.cpp
         SocketAddress.cpp
         SocketAddressImpl.cpp
         DatagramSocket.cpp
         DatagramSocketImpl.cpp
         DialogSocket.cpp
         MulticastSocket.cpp
         RawSocket.cpp
         RawSocketImpl.cpp
         ServerSocket.cpp
         ServerSocketImpl.cpp
         Socket.cpp
         SocketImpl.cpp
         SocketStream.cpp
         Generating Code...
         Compiling...
         StreamSocket.cpp
         StreamSocketImpl.cpp
         FilePartSource.cpp
         MediaType.cpp
         MessageHeader.cpp
         MultipartReader.cpp
         MultipartWriter.cpp
         NameValueCollection.cpp
         NullPartHandler.cpp
         PartHandler.cpp
         PartSource.cpp
         PartStore.cpp
         QuotedPrintableDecoder.cpp
         QuotedPrintableEncoder.cpp
         StringPartSource.cpp
         HTTPAuthenticationParams.cpp
         HTTPBasicCredentials.cpp
         HTTPBufferAllocator.cpp
         HTTPChunkedStream.cpp
         HTTPCookie.cpp
         Generating Code...
         Compiling...
         HTTPCredentials.cpp
         HTTPDigestCredentials.cpp
         HTTPFixedLengthStream.cpp
         HTTPHeaderStream.cpp
         HTTPMessage.cpp
         HTTPRequest.cpp
         HTTPResponse.cpp
         HTTPSession.cpp
         HTTPStream.cpp
         TCPServer.cpp
         TCPServerConnection.cpp
         TCPServerConnectionFactory.cpp
         TCPServerDispatcher.cpp
         TCPServerParams.cpp
         AbstractHTTPRequestHandler.cpp
         HTTPRequestHandler.cpp
         HTTPRequestHandlerFactory.cpp
         HTTPServer.cpp
         HTTPServerConnection.cpp
         HTTPServerConnectionFactory.cpp
         Generating Code...
         Compiling...
         HTTPServerParams.cpp
         HTTPServerRequest.cpp
         HTTPServerRequestImpl.cpp
         HTTPServerResponse.cpp
         HTTPServerResponseImpl.cpp
         HTTPServerSession.cpp
         HTTPClientSession.cpp
         HTTPIOStream.cpp
         HTTPSessionFactory.cpp
         HTTPSessionInstantiator.cpp
         HTTPStreamFactory.cpp
         HTMLForm.cpp
         FTPClientSession.cpp
         FTPStreamFactory.cpp
         SocketNotification.cpp
         SocketNotifier.cpp
         SocketReactor.cpp
         MailMessage.cpp
         MailRecipient.cpp
         MailStream.cpp
         Generating Code...
         Compiling...
         POP3ClientSession.cpp
         SMTPClientSession.cpp
         ICMPClient.cpp
         ICMPEventArgs.cpp
         ICMPPacket.cpp
         ICMPPacketImpl.cpp
         ICMPSocket.cpp
         ICMPSocketImpl.cpp
         ICMPv4PacketImpl.cpp
         NTPClient.cpp
         NTPEventArgs.cpp
         NTPPacket.cpp
         RemoteSyslogChannel.cpp
         RemoteSyslogListener.cpp
         SMTPChannel.cpp
         WebSocket.cpp
         WebSocketImpl.cpp
         OAuth10Credentials.cpp
         OAuth20Credentials.cpp
         Generating Code...
       Lib:
         C:\Program Files (x86)\Microsoft Visual Studio 10.0\VC\bin\Lib.exe /OUT:"..\lib64\PocoNetmt.lib" /NOLOGO obj64\Net\release_static_mt\DNS.obj
         obj64\Net\release_static_mt\HostEntry.obj
         obj64\Net\release_static_mt\IPAddress.obj
         obj64\Net\release_static_mt\IPAddressImpl.obj
         obj64\Net\release_static_mt\Net.obj
         obj64\Net\release_static_mt\NetException.obj
         obj64\Net\release_static_mt\NetworkInterface.obj
         obj64\Net\release_static_mt\SocketAddress.obj
         obj64\Net\release_static_mt\SocketAddressImpl.obj
         obj64\Net\release_static_mt\DatagramSocket.obj
         obj64\Net\release_static_mt\DatagramSocketImpl.obj
         obj64\Net\release_static_mt\DialogSocket.obj
         obj64\Net\release_static_mt\MulticastSocket.obj
         obj64\Net\release_static_mt\RawSocket.obj
         obj64\Net\release_static_mt\RawSocketImpl.obj
         obj64\Net\release_static_mt\ServerSocket.obj
         obj64\Net\release_static_mt\ServerSocketImpl.obj
         obj64\Net\release_static_mt\Socket.obj
         obj64\Net\release_static_mt\SocketImpl.obj
         obj64\Net\release_static_mt\SocketStream.obj
         obj64\Net\release_static_mt\StreamSocket.obj
         obj64\Net\release_static_mt\StreamSocketImpl.obj
         obj64\Net\release_static_mt\FilePartSource.obj
         obj64\Net\release_static_mt\MediaType.obj
         obj64\Net\release_static_mt\MessageHeader.obj
         obj64\Net\release_static_mt\MultipartReader.obj
         obj64\Net\release_static_mt\MultipartWriter.obj
         obj64\Net\release_static_mt\NameValueCollection.obj
         obj64\Net\release_static_mt\NullPartHandler.obj
         obj64\Net\release_static_mt\PartHandler.obj
         obj64\Net\release_static_mt\PartSource.obj
         obj64\Net\release_static_mt\PartStore.obj
         obj64\Net\release_static_mt\QuotedPrintableDecoder.obj
         obj64\Net\release_static_mt\QuotedPrintableEncoder.obj
         obj64\Net\release_static_mt\StringPartSource.obj
         obj64\Net\release_static_mt\HTTPAuthenticationParams.obj
         obj64\Net\release_static_mt\HTTPBasicCredentials.obj
         obj64\Net\release_static_mt\HTTPBufferAllocator.obj
         obj64\Net\release_static_mt\HTTPChunkedStream.obj
         obj64\Net\release_static_mt\HTTPCookie.obj
         obj64\Net\release_static_mt\HTTPCredentials.obj
         obj64\Net\release_static_mt\HTTPDigestCredentials.obj
         obj64\Net\release_static_mt\HTTPFixedLengthStream.obj
         obj64\Net\release_static_mt\HTTPHeaderStream.obj
         obj64\Net\release_static_mt\HTTPMessage.obj
         obj64\Net\release_static_mt\HTTPRequest.obj
         obj64\Net\release_static_mt\HTTPResponse.obj
         obj64\Net\release_static_mt\HTTPSession.obj
         obj64\Net\release_static_mt\HTTPStream.obj
         obj64\Net\release_static_mt\TCPServer.obj
         obj64\Net\release_static_mt\TCPServerConnection.obj
         obj64\Net\release_static_mt\TCPServerConnectionFactory.obj
         obj64\Net\release_static_mt\TCPServerDispatcher.obj
         obj64\Net\release_static_mt\TCPServerParams.obj
         obj64\Net\release_static_mt\AbstractHTTPRequestHandler.obj
         obj64\Net\release_static_mt\HTTPRequestHandler.obj
         obj64\Net\release_static_mt\HTTPRequestHandlerFactory.obj
         obj64\Net\release_static_mt\HTTPServer.obj
         obj64\Net\release_static_mt\HTTPServerConnection.obj
         obj64\Net\release_static_mt\HTTPServerConnectionFactory.obj
         obj64\Net\release_static_mt\HTTPServerParams.obj
         obj64\Net\release_static_mt\HTTPServerRequest.obj
         obj64\Net\release_static_mt\HTTPServerRequestImpl.obj
         obj64\Net\release_static_mt\HTTPServerResponse.obj
         obj64\Net\release_static_mt\HTTPServerResponseImpl.obj
         obj64\Net\release_static_mt\HTTPServerSession.obj
         obj64\Net\release_static_mt\HTTPClientSession.obj
         obj64\Net\release_static_mt\HTTPIOStream.obj
         obj64\Net\release_static_mt\HTTPSessionFactory.obj
         obj64\Net\release_static_mt\HTTPSessionInstantiator.obj
         obj64\Net\release_static_mt\HTTPStreamFactory.obj
         obj64\Net\release_static_mt\HTMLForm.obj
         obj64\Net\release_static_mt\FTPClientSession.obj
         obj64\Net\release_static_mt\FTPStreamFactory.obj
         obj64\Net\release_static_mt\SocketNotification.obj
         obj64\Net\release_static_mt\SocketNotifier.obj
         obj64\Net\release_static_mt\SocketReactor.obj
         obj64\Net\release_static_mt\MailMessage.obj
         obj64\Net\release_static_mt\MailRecipient.obj
         obj64\Net\release_static_mt\MailStream.obj
         obj64\Net\release_static_mt\POP3ClientSession.obj
         obj64\Net\release_static_mt\SMTPClientSession.obj
         obj64\Net\release_static_mt\ICMPClient.obj
         obj64\Net\release_static_mt\ICMPEventArgs.obj
         obj64\Net\release_static_mt\ICMPPacket.obj
         obj64\Net\release_static_mt\ICMPPacketImpl.obj
         obj64\Net\release_static_mt\ICMPSocket.obj
         obj64\Net\release_static_mt\ICMPSocketImpl.obj
         obj64\Net\release_static_mt\ICMPv4PacketImpl.obj
         obj64\Net\release_static_mt\NTPClient.obj
         obj64\Net\release_static_mt\NTPEventArgs.obj
         obj64\Net\release_static_mt\NTPPacket.obj
         obj64\Net\release_static_mt\RemoteSyslogChannel.obj
         obj64\Net\release_static_mt\RemoteSyslogListener.obj
         obj64\Net\release_static_mt\SMTPChannel.obj
         obj64\Net\release_static_mt\WebSocket.obj
         obj64\Net\release_static_mt\WebSocketImpl.obj
         obj64\Net\release_static_mt\OAuth10Credentials.obj
         obj64\Net\release_static_mt\OAuth20Credentials.obj
         Net_x64_vs100.vcxproj -> E:\CommonLib\POCO\Net\..\lib64\PocoNetmt.lib
       FinalizeBuildStatus:
         Deleting file "obj64\Net\release_static_mt\Net.unsuccessfulbuild".
         Touching "obj64\Net\release_static_mt\Net.lastbuildstate".
     1>Done Building Project "E:\CommonLib\POCO\Net\Net_x64_vs100.vcxproj" (rebuild target(s)).

Build succeeded.

Time Elapsed 00:00:40.92
