E:\COMMONLIB\POCO\LIB64\POCONETMT.LIB
E:\CommonLib\POCO\Net\..\lib64\PocoNetmt.lib
E:\COMMONLIB\POCO\NET\OBJ64\NET\RELEASE_STATIC_MT\ABSTRACTHTTPREQUESTHANDLER.OBJ
E:\CommonLib\POCO\Net\obj64\Net\release_static_mt\cl.command.1.tlog
E:\CommonLib\POCO\Net\obj64\Net\release_static_mt\CL.read.1.tlog
E:\CommonLib\POCO\Net\obj64\Net\release_static_mt\CL.write.1.tlog
E:\COMMONLIB\POCO\NET\OBJ64\NET\RELEASE_STATIC_MT\DATAGRAMSOCKET.OBJ
E:\COMMONLIB\POCO\NET\OBJ64\NET\RELEASE_STATIC_MT\DATAGRAMSOCKETIMPL.OBJ
E:\COMMONLIB\POCO\NET\OBJ64\NET\RELEASE_STATIC_MT\DIALOGSOCKET.OBJ
E:\COMMONLIB\POCO\NET\OBJ64\NET\RELEASE_STATIC_MT\DNS.OBJ
E:\COMMONLIB\POCO\NET\OBJ64\NET\RELEASE_STATIC_MT\FILEPARTSOURCE.OBJ
E:\COMMONLIB\POCO\NET\OBJ64\NET\RELEASE_STATIC_MT\FTPCLIENTSESSION.OBJ
E:\COMMONLIB\POCO\NET\OBJ64\NET\RELEASE_STATIC_MT\FTPSTREAMFACTORY.OBJ
E:\COMMONLIB\POCO\NET\OBJ64\NET\RELEASE_STATIC_MT\HOSTENTRY.OBJ
E:\COMMONLIB\POCO\NET\OBJ64\NET\RELEASE_STATIC_MT\HTMLFORM.OBJ
E:\COMMONLIB\POCO\NET\OBJ64\NET\RELEASE_STATIC_MT\HTTPAUTHENTICATIONPARAMS.OBJ
E:\COMMONLIB\POCO\NET\OBJ64\NET\RELEASE_STATIC_MT\HTTPBASICCREDENTIALS.OBJ
E:\COMMONLIB\POCO\NET\OBJ64\NET\RELEASE_STATIC_MT\HTTPBUFFERALLOCATOR.OBJ
E:\COMMONLIB\POCO\NET\OBJ64\NET\RELEASE_STATIC_MT\HTTPCHUNKEDSTREAM.OBJ
E:\COMMONLIB\POCO\NET\OBJ64\NET\RELEASE_STATIC_MT\HTTPCLIENTSESSION.OBJ
E:\COMMONLIB\POCO\NET\OBJ64\NET\RELEASE_STATIC_MT\HTTPCOOKIE.OBJ
E:\COMMONLIB\POCO\NET\OBJ64\NET\RELEASE_STATIC_MT\HTTPCREDENTIALS.OBJ
E:\COMMONLIB\POCO\NET\OBJ64\NET\RELEASE_STATIC_MT\HTTPDIGESTCREDENTIALS.OBJ
E:\COMMONLIB\POCO\NET\OBJ64\NET\RELEASE_STATIC_MT\HTTPFIXEDLENGTHSTREAM.OBJ
E:\COMMONLIB\POCO\NET\OBJ64\NET\RELEASE_STATIC_MT\HTTPHEADERSTREAM.OBJ
E:\COMMONLIB\POCO\NET\OBJ64\NET\RELEASE_STATIC_MT\HTTPIOSTREAM.OBJ
E:\COMMONLIB\POCO\NET\OBJ64\NET\RELEASE_STATIC_MT\HTTPMESSAGE.OBJ
E:\COMMONLIB\POCO\NET\OBJ64\NET\RELEASE_STATIC_MT\HTTPREQUEST.OBJ
E:\COMMONLIB\POCO\NET\OBJ64\NET\RELEASE_STATIC_MT\HTTPREQUESTHANDLER.OBJ
E:\COMMONLIB\POCO\NET\OBJ64\NET\RELEASE_STATIC_MT\HTTPREQUESTHANDLERFACTORY.OBJ
E:\COMMONLIB\POCO\NET\OBJ64\NET\RELEASE_STATIC_MT\HTTPRESPONSE.OBJ
E:\COMMONLIB\POCO\NET\OBJ64\NET\RELEASE_STATIC_MT\HTTPSERVER.OBJ
E:\COMMONLIB\POCO\NET\OBJ64\NET\RELEASE_STATIC_MT\HTTPSERVERCONNECTION.OBJ
E:\COMMONLIB\POCO\NET\OBJ64\NET\RELEASE_STATIC_MT\HTTPSERVERCONNECTIONFACTORY.OBJ
E:\COMMONLIB\POCO\NET\OBJ64\NET\RELEASE_STATIC_MT\HTTPSERVERPARAMS.OBJ
E:\COMMONLIB\POCO\NET\OBJ64\NET\RELEASE_STATIC_MT\HTTPSERVERREQUEST.OBJ
E:\COMMONLIB\POCO\NET\OBJ64\NET\RELEASE_STATIC_MT\HTTPSERVERREQUESTIMPL.OBJ
E:\COMMONLIB\POCO\NET\OBJ64\NET\RELEASE_STATIC_MT\HTTPSERVERRESPONSE.OBJ
E:\COMMONLIB\POCO\NET\OBJ64\NET\RELEASE_STATIC_MT\HTTPSERVERRESPONSEIMPL.OBJ
E:\COMMONLIB\POCO\NET\OBJ64\NET\RELEASE_STATIC_MT\HTTPSERVERSESSION.OBJ
E:\COMMONLIB\POCO\NET\OBJ64\NET\RELEASE_STATIC_MT\HTTPSESSION.OBJ
E:\COMMONLIB\POCO\NET\OBJ64\NET\RELEASE_STATIC_MT\HTTPSESSIONFACTORY.OBJ
E:\COMMONLIB\POCO\NET\OBJ64\NET\RELEASE_STATIC_MT\HTTPSESSIONINSTANTIATOR.OBJ
E:\COMMONLIB\POCO\NET\OBJ64\NET\RELEASE_STATIC_MT\HTTPSTREAM.OBJ
E:\COMMONLIB\POCO\NET\OBJ64\NET\RELEASE_STATIC_MT\HTTPSTREAMFACTORY.OBJ
E:\COMMONLIB\POCO\NET\OBJ64\NET\RELEASE_STATIC_MT\ICMPCLIENT.OBJ
E:\COMMONLIB\POCO\NET\OBJ64\NET\RELEASE_STATIC_MT\ICMPEVENTARGS.OBJ
E:\COMMONLIB\POCO\NET\OBJ64\NET\RELEASE_STATIC_MT\ICMPPACKET.OBJ
E:\COMMONLIB\POCO\NET\OBJ64\NET\RELEASE_STATIC_MT\ICMPPACKETIMPL.OBJ
E:\COMMONLIB\POCO\NET\OBJ64\NET\RELEASE_STATIC_MT\ICMPSOCKET.OBJ
E:\COMMONLIB\POCO\NET\OBJ64\NET\RELEASE_STATIC_MT\ICMPSOCKETIMPL.OBJ
E:\COMMONLIB\POCO\NET\OBJ64\NET\RELEASE_STATIC_MT\ICMPV4PACKETIMPL.OBJ
E:\COMMONLIB\POCO\NET\OBJ64\NET\RELEASE_STATIC_MT\IPADDRESS.OBJ
E:\COMMONLIB\POCO\NET\OBJ64\NET\RELEASE_STATIC_MT\IPADDRESSIMPL.OBJ
E:\CommonLib\POCO\Net\obj64\Net\release_static_mt\lib.command.1.tlog
E:\CommonLib\POCO\Net\obj64\Net\release_static_mt\Lib-link.read.1.tlog
E:\CommonLib\POCO\Net\obj64\Net\release_static_mt\Lib-link.write.1.tlog
E:\COMMONLIB\POCO\NET\OBJ64\NET\RELEASE_STATIC_MT\MAILMESSAGE.OBJ
E:\COMMONLIB\POCO\NET\OBJ64\NET\RELEASE_STATIC_MT\MAILRECIPIENT.OBJ
E:\COMMONLIB\POCO\NET\OBJ64\NET\RELEASE_STATIC_MT\MAILSTREAM.OBJ
E:\COMMONLIB\POCO\NET\OBJ64\NET\RELEASE_STATIC_MT\MEDIATYPE.OBJ
E:\COMMONLIB\POCO\NET\OBJ64\NET\RELEASE_STATIC_MT\MESSAGEHEADER.OBJ
E:\COMMONLIB\POCO\NET\OBJ64\NET\RELEASE_STATIC_MT\MULTICASTSOCKET.OBJ
E:\COMMONLIB\POCO\NET\OBJ64\NET\RELEASE_STATIC_MT\MULTIPARTREADER.OBJ
E:\COMMONLIB\POCO\NET\OBJ64\NET\RELEASE_STATIC_MT\MULTIPARTWRITER.OBJ
E:\COMMONLIB\POCO\NET\OBJ64\NET\RELEASE_STATIC_MT\NAMEVALUECOLLECTION.OBJ
E:\COMMONLIB\POCO\NET\OBJ64\NET\RELEASE_STATIC_MT\NET.OBJ
E:\CommonLib\POCO\Net\obj64\Net\release_static_mt\Net.write.1.tlog
E:\COMMONLIB\POCO\NET\OBJ64\NET\RELEASE_STATIC_MT\NETEXCEPTION.OBJ
E:\COMMONLIB\POCO\NET\OBJ64\NET\RELEASE_STATIC_MT\NETWORKINTERFACE.OBJ
E:\COMMONLIB\POCO\NET\OBJ64\NET\RELEASE_STATIC_MT\NTPCLIENT.OBJ
E:\COMMONLIB\POCO\NET\OBJ64\NET\RELEASE_STATIC_MT\NTPEVENTARGS.OBJ
E:\COMMONLIB\POCO\NET\OBJ64\NET\RELEASE_STATIC_MT\NTPPACKET.OBJ
E:\COMMONLIB\POCO\NET\OBJ64\NET\RELEASE_STATIC_MT\NULLPARTHANDLER.OBJ
E:\COMMONLIB\POCO\NET\OBJ64\NET\RELEASE_STATIC_MT\OAUTH10CREDENTIALS.OBJ
E:\COMMONLIB\POCO\NET\OBJ64\NET\RELEASE_STATIC_MT\OAUTH20CREDENTIALS.OBJ
E:\COMMONLIB\POCO\NET\OBJ64\NET\RELEASE_STATIC_MT\PARTHANDLER.OBJ
E:\COMMONLIB\POCO\NET\OBJ64\NET\RELEASE_STATIC_MT\PARTSOURCE.OBJ
E:\COMMONLIB\POCO\NET\OBJ64\NET\RELEASE_STATIC_MT\PARTSTORE.OBJ
E:\COMMONLIB\POCO\NET\OBJ64\NET\RELEASE_STATIC_MT\POP3CLIENTSESSION.OBJ
E:\COMMONLIB\POCO\NET\OBJ64\NET\RELEASE_STATIC_MT\QUOTEDPRINTABLEDECODER.OBJ
E:\COMMONLIB\POCO\NET\OBJ64\NET\RELEASE_STATIC_MT\QUOTEDPRINTABLEENCODER.OBJ
E:\COMMONLIB\POCO\NET\OBJ64\NET\RELEASE_STATIC_MT\RAWSOCKET.OBJ
E:\COMMONLIB\POCO\NET\OBJ64\NET\RELEASE_STATIC_MT\RAWSOCKETIMPL.OBJ
E:\COMMONLIB\POCO\NET\OBJ64\NET\RELEASE_STATIC_MT\REMOTESYSLOGCHANNEL.OBJ
E:\COMMONLIB\POCO\NET\OBJ64\NET\RELEASE_STATIC_MT\REMOTESYSLOGLISTENER.OBJ
E:\COMMONLIB\POCO\NET\OBJ64\NET\RELEASE_STATIC_MT\SERVERSOCKET.OBJ
E:\COMMONLIB\POCO\NET\OBJ64\NET\RELEASE_STATIC_MT\SERVERSOCKETIMPL.OBJ
E:\COMMONLIB\POCO\NET\OBJ64\NET\RELEASE_STATIC_MT\SMTPCHANNEL.OBJ
E:\COMMONLIB\POCO\NET\OBJ64\NET\RELEASE_STATIC_MT\SMTPCLIENTSESSION.OBJ
E:\COMMONLIB\POCO\NET\OBJ64\NET\RELEASE_STATIC_MT\SOCKET.OBJ
E:\COMMONLIB\POCO\NET\OBJ64\NET\RELEASE_STATIC_MT\SOCKETADDRESS.OBJ
E:\COMMONLIB\POCO\NET\OBJ64\NET\RELEASE_STATIC_MT\SOCKETADDRESSIMPL.OBJ
E:\COMMONLIB\POCO\NET\OBJ64\NET\RELEASE_STATIC_MT\SOCKETIMPL.OBJ
E:\COMMONLIB\POCO\NET\OBJ64\NET\RELEASE_STATIC_MT\SOCKETNOTIFICATION.OBJ
E:\COMMONLIB\POCO\NET\OBJ64\NET\RELEASE_STATIC_MT\SOCKETNOTIFIER.OBJ
E:\COMMONLIB\POCO\NET\OBJ64\NET\RELEASE_STATIC_MT\SOCKETREACTOR.OBJ
E:\COMMONLIB\POCO\NET\OBJ64\NET\RELEASE_STATIC_MT\SOCKETSTREAM.OBJ
E:\COMMONLIB\POCO\NET\OBJ64\NET\RELEASE_STATIC_MT\STREAMSOCKET.OBJ
E:\COMMONLIB\POCO\NET\OBJ64\NET\RELEASE_STATIC_MT\STREAMSOCKETIMPL.OBJ
E:\COMMONLIB\POCO\NET\OBJ64\NET\RELEASE_STATIC_MT\STRINGPARTSOURCE.OBJ
E:\COMMONLIB\POCO\NET\OBJ64\NET\RELEASE_STATIC_MT\TCPSERVER.OBJ
E:\COMMONLIB\POCO\NET\OBJ64\NET\RELEASE_STATIC_MT\TCPSERVERCONNECTION.OBJ
E:\COMMONLIB\POCO\NET\OBJ64\NET\RELEASE_STATIC_MT\TCPSERVERCONNECTIONFACTORY.OBJ
E:\COMMONLIB\POCO\NET\OBJ64\NET\RELEASE_STATIC_MT\TCPSERVERDISPATCHER.OBJ
E:\COMMONLIB\POCO\NET\OBJ64\NET\RELEASE_STATIC_MT\TCPSERVERPARAMS.OBJ
E:\COMMONLIB\POCO\NET\OBJ64\NET\RELEASE_STATIC_MT\WEBSOCKET.OBJ
E:\COMMONLIB\POCO\NET\OBJ64\NET\RELEASE_STATIC_MT\WEBSOCKETIMPL.OBJ
